<?xml version="1.0" encoding="UTF-8"?>
<testsuite name="AnimalPropertiesTests" tests="1" skipped="0" failures="0" errors="0" timestamp="2024-02-13T23:34:58" hostname="LAPTOP-T253I4KB" time="0.059">
  <properties/>
  <testcase name="getPet()" classname="AnimalPropertiesTests" time="0.059"/>
  <system-out><![CDATA[]]></system-out>
  <system-err><![CDATA[]]></system-err>
</testsuite>
